Build started 3/25/2015 5:20:42 PM.
     1>Project "C:\Users\h56t383\documents\visual studio 2010\Projects\OpenNI_FirstDemo\OpenNI_FirstDemo\OpenNI_FirstDemo.vcxproj" on node 2 (build target(s)).
     1>InitializeBuildStatus:
         Creating "Debug\OpenNI_FirstDemo.unsuccessfulbuild" because "AlwaysCreate" was specified.
       ClCompile:
         All outputs are up-to-date.
         c:\Program Files (x86)\Microsoft Visual Studio 10.0\VC\bin\CL.exe /c /IC:\opencv\opencv\build\include /I"C:\Program Files (x86)\OpenNI2\Include\\" /ZI /nologo /W3 /WX- /Od /Oy- /D WIN32 /D _DEBUG /D _CONSOLE /D _UNICODE /D UNICODE /Gm /EHsc /RTC1 /MDd /GS /fp:precise /Zc:wchar_t /Zc:forScope /Yu"StdAfx.h" /Fp"Debug\OpenNI_FirstDemo.pch" /Fo"Debug\\" /Fd"Debug\vc100.pdb" /Gd /TP /analyze- /errorReport:prompt OpenNI_FirstDemo.cpp
         OpenNI_FirstDemo.cpp
       ManifestResourceCompile:
         All outputs are up-to-date.
       Link:
         c:\Program Files (x86)\Microsoft Visual Studio 10.0\VC\bin\link.exe /ERRORREPORT:PROMPT /OUT:"C:\Users\h56t383\documents\visual studio 2010\Projects\OpenNI_FirstDemo\Debug\OpenNI_FirstDemo.exe" /INCREMENTAL /NOLOGO /LIBPATH:"C:\Program Files (x86)\OpenNI2\Lib\\" /LIBPATH:C:\opencv\opencv\build\x86\vc10\lib opencv_calib3d246.lib opencv_contrib246.lib opencv_core246.lib opencv_features2d246.lib opencv_flann246.lib opencv_gpu246.lib opencv_highgui246.lib opencv_imgproc246.lib opencv_legacy246.lib opencv_ml246.lib opencv_nonfree246.lib opencv_objdetect246.lib opencv_ocl246.lib opencv_photo246.lib opencv_stitching246.lib opencv_superres246.lib opencv_ts246.lib opencv_video246.lib opencv_videostab246.lib OpenNI2.lib kernel32.lib user32.lib gdi32.lib winspool.lib comdlg32.lib advapi32.lib shell32.lib ole32.lib oleaut32.lib uuid.lib odbc32.lib odbccp32.lib /MANIFEST /ManifestFile:"Debug\OpenNI_FirstDemo.exe.intermediate.manifest" /MANIFESTUAC:"level='asInvoker' uiAccess='false'" /DEBUG /PDB:"C:\Users\h56t383\documents\visual studio 2010\Projects\OpenNI_FirstDemo\Debug\OpenNI_FirstDemo.pdb" /SUBSYSTEM:CONSOLE /TLBID:1 /DYNAMICBASE /NXCOMPAT /IMPLIB:"C:\Users\h56t383\documents\visual studio 2010\Projects\OpenNI_FirstDemo\Debug\OpenNI_FirstDemo.lib" /MACHINE:X86 Debug\OpenNI_FirstDemo.exe.embed.manifest.res
         Debug\OpenNI_FirstDemo.obj
         Debug\stdafx.obj
       Manifest:
         C:\Program Files (x86)\Microsoft SDKs\Windows\v7.0A\bin\mt.exe /nologo /verbose /out:"Debug\OpenNI_FirstDemo.exe.embed.manifest" /manifest Debug\OpenNI_FirstDemo.exe.intermediate.manifest
         All outputs are up-to-date.
       LinkEmbedManifest:
         All outputs are up-to-date.
         OpenNI_FirstDemo.vcxproj -> C:\Users\h56t383\documents\visual studio 2010\Projects\OpenNI_FirstDemo\Debug\OpenNI_FirstDemo.exe
       FinalizeBuildStatus:
         Deleting file "Debug\OpenNI_FirstDemo.unsuccessfulbuild".
         Touching "Debug\OpenNI_FirstDemo.lastbuildstate".
     1>Done Building Project "C:\Users\h56t383\documents\visual studio 2010\Projects\OpenNI_FirstDemo\OpenNI_FirstDemo\OpenNI_FirstDemo.vcxproj" (build target(s)).

Build succeeded.

Time Elapsed 00:00:01.60
